Wed Feb 06 2019 16:34:23 GMT+0200 (Eastern European Standard Time): GET /about
Wed Feb 06 2019 16:34:37 GMT+0200 (Eastern European Standard Time): GET /maintenance
Wed Feb 06 2019 16:34:40 GMT+0200 (Eastern European Standard Time): GET /home
Wed Feb 06 2019 16:34:43 GMT+0200 (Eastern European Standard Time): GET /about
Wed Feb 06 2019 16:34:45 GMT+0200 (Eastern European Standard Time): GET /home
Wed Feb 06 2019 16:34:56 GMT+0200 (Eastern European Standard Time): GET /home
Wed Feb 06 2019 16:34:58 GMT+0200 (Eastern European Standard Time): GET /home
Wed Feb 06 2019 16:35:00 GMT+0200 (Eastern European Standard Time): GET /about
Wed Feb 06 2019 16:38:47 GMT+0200 (Eastern European Standard Time): GET /about
Wed Feb 06 2019 16:39:18 GMT+0200 (Eastern European Standard Time): GET /about
Wed Feb 06 2019 16:39:37 GMT+0200 (Eastern European Standard Time): GET /about
Wed Feb 06 2019 16:40:16 GMT+0200 (Eastern European Standard Time): GET /home
Wed Feb 06 2019 16:40:17 GMT+0200 (Eastern European Standard Time): GET /home
Wed Feb 06 2019 16:42:08 GMT+0200 (Eastern European Standard Time): GET /home
Wed Feb 06 2019 16:42:21 GMT+0200 (Eastern European Standard Time): GET /home
Wed Feb 06 2019 16:42:23 GMT+0200 (Eastern European Standard Time): GET /home
Wed Feb 06 2019 16:42:26 GMT+0200 (Eastern European Standard Time): GET /about
Wed Feb 06 2019 16:42:28 GMT+0200 (Eastern European Standard Time): GET /home
Wed Feb 06 2019 16:42:36 GMT+0200 (Eastern European Standard Time): GET /mainetnance
Wed Feb 06 2019 16:42:51 GMT+0200 (Eastern European Standard Time): GET /mainetnance
Wed Feb 06 2019 16:43:04 GMT+0200 (Eastern European Standard Time): GET /home
Wed Feb 06 2019 16:43:06 GMT+0200 (Eastern European Standard Time): GET /home
Wed Feb 06 2019 16:43:10 GMT+0200 (Eastern European Standard Time): GET /mainetnance
Wed Feb 06 2019 16:43:52 GMT+0200 (Eastern European Standard Time): GET /maintenance
Wed Feb 06 2019 16:43:57 GMT+0200 (Eastern European Standard Time): GET /maintenance
Wed Feb 06 2019 16:44:02 GMT+0200 (Eastern European Standard Time): GET /home
Wed Feb 06 2019 16:44:03 GMT+0200 (Eastern European Standard Time): GET /home
Wed Feb 06 2019 16:45:05 GMT+0200 (Eastern European Standard Time): GET /home
Wed Feb 06 2019 16:45:20 GMT+0200 (Eastern European Standard Time): GET /home
Wed Feb 06 2019 16:49:42 GMT+0200 (Eastern European Standard Time): GET /home
Wed Feb 06 2019 16:49:46 GMT+0200 (Eastern European Standard Time): GET /home
Wed Feb 06 2019 16:51:40 GMT+0200 (Eastern European Standard Time): GET /home
Wed Feb 06 2019 16:53:19 GMT+0200 (Eastern European Standard Time): GET /help.html
Wed Feb 06 2019 16:53:24 GMT+0200 (Eastern European Standard Time): GET /help.html
Wed Feb 06 2019 16:53:50 GMT+0200 (Eastern European Standard Time): GET /help.html
Wed Feb 06 2019 16:54:01 GMT+0200 (Eastern European Standard Time): GET /home
Wed Feb 06 2019 16:54:02 GMT+0200 (Eastern European Standard Time): GET /home
Wed Feb 06 2019 16:54:24 GMT+0200 (Eastern European Standard Time): GET /
Wed Feb 06 2019 16:54:29 GMT+0200 (Eastern European Standard Time): GET /
Wed Feb 06 2019 16:55:17 GMT+0200 (Eastern European Standard Time): GET /
Wed Feb 06 2019 16:55:27 GMT+0200 (Eastern European Standard Time): GET /home
Wed Feb 06 2019 16:55:29 GMT+0200 (Eastern European Standard Time): GET /help.html
Wed Feb 06 2019 16:55:41 GMT+0200 (Eastern European Standard Time): GET /help.html
Wed Feb 06 2019 16:55:46 GMT+0200 (Eastern European Standard Time): GET /
Wed Feb 06 2019 16:55:48 GMT+0200 (Eastern European Standard Time): GET /home
Wed Feb 06 2019 16:55:50 GMT+0200 (Eastern European Standard Time): GET /home
Wed Feb 06 2019 16:55:52 GMT+0200 (Eastern European Standard Time): GET /about
Wed Feb 06 2019 16:55:55 GMT+0200 (Eastern European Standard Time): GET /home
Wed Feb 06 2019 17:20:00 GMT+0200 (Eastern European Standard Time): GET /home
Wed Feb 06 2019 17:20:02 GMT+0200 (Eastern European Standard Time): GET /about
Wed Feb 06 2019 17:23:20 GMT+0200 (Eastern European Standard Time): GET /about
Wed Feb 06 2019 17:23:22 GMT+0200 (Eastern European Standard Time): GET /home
Wed Feb 06 2019 17:23:24 GMT+0200 (Eastern European Standard Time): GET /about
Wed Feb 06 2019 18:24:33 GMT+0200 (Eastern European Standard Time): GET /home
Wed Feb 06 2019 18:24:38 GMT+0200 (Eastern European Standard Time): GET /
Wed Feb 06 2019 18:24:38 GMT+0200 (Eastern European Standard Time): GET /
Wed Feb 06 2019 18:24:40 GMT+0200 (Eastern European Standard Time): GET /home
Wed Feb 06 2019 18:24:41 GMT+0200 (Eastern European Standard Time): GET /about
Wed Feb 06 2019 18:24:43 GMT+0200 (Eastern European Standard Time): GET /project
Wed Feb 06 2019 18:24:44 GMT+0200 (Eastern European Standard Time): GET /home
Wed Feb 06 2019 18:24:45 GMT+0200 (Eastern European Standard Time): GET /about
Wed Feb 06 2019 18:24:46 GMT+0200 (Eastern European Standard Time): GET /project
